#-----------------------------------------------------------
# Vivado v2021.2 (64-bit)
# SW Build 3367213 on Tue Oct 19 02:47:39 MDT 2021
# IP Build 3369179 on Thu Oct 21 08:25:16 MDT 2021
# Start of session at: Wed Aug 28 13:33:45 2024
# Process ID: 4276
# Current directory: /home/student/zschab/Desktop/Projekt_UEC2
# Command line: vivado -mode tcl -source fpga/scripts/program_fpga.tcl -tclargs results/top_vga_basys3.bit
# Log file: /home/student/zschab/Desktop/Projekt_UEC2/vivado.log
# Journal file: /home/student/zschab/Desktop/Projekt_UEC2/vivado.jou
# Running On: cadence36, OS: Linux, CPU Frequency: 3759.570 MHz, CPU Physical cores: 4, Host memory: 16720 MB
#-----------------------------------------------------------
source fpga/scripts/program_fpga.tcl
# set bitstream_file [lindex ${argv} 0]
# proc program_fpga {bitstream_file} {
#     if {[file exists $bitstream_file] == 0} {
#         puts "ERROR: Bitstream not found"
#         exit 1
#     } else {
#         open_hw_manager
#         connect_hw_server
#         current_hw_target [get_hw_targets *]
#         open_hw_target
#         current_hw_device [lindex [get_hw_devices] 0]
#         refresh_hw_device -update_hw_probes false [lindex [get_hw_devices] 0]
# 
#         set_property PROBES.FILE {} [lindex [get_hw_devices] 0]
#         set_property FULL_PROBES.FILE {} [lindex [get_hw_devices] 0]
#         set_property PROGRAM.FILE ${bitstream_file} [lindex [get_hw_devices] 0]
# 
#         program_hw_devices [lindex [get_hw_devices] 0]
#         refresh_hw_device [lindex [get_hw_devices] 0]
#     }
# }
# if {${argc} != 1} {
#     puts "ERROR: Bitsream not specified"
#     exit 1
# } else {
#     program_fpga $bitstream_file
#     exit
# }
INFO: [Labtools 27-2285] Connecting to hw_server url TCP:localhost:3121
INFO: [Labtools 27-3415] Connecting to cs_server url TCP:localhost:3042
INFO: [Labtools 27-3414] Connected to existing cs_server.
INFO: [Labtoolstcl 44-466] Opening hw_target localhost:3121/xilinx_tcf/Digilent/210183738867A
INFO: [Labtools 27-1434] Device xc7a35t (JTAG device index = 0) is programmed with a design that has no supported debug core(s) in it.
INFO: [Labtools 27-3164] End of startup status: HIGH
INFO: [Labtools 27-1434] Device xc7a35t (JTAG device index = 0) is programmed with a design that has no supported debug core(s) in it.
INFO: [Common 17-206] Exiting Vivado at Wed Aug 28 13:34:01 2024...
