xrun: 19.09-s003: (c) Copyright 1995-2019 Cadence Design Systems, Inc.
TOOL:	xrun	19.09-s003: Started on Aug 28, 2024 at 16:30:17 CEST
xrun
	-hal
	-clean
	-nohistory
	-no_design_facts
	-rulefile /cad/env/hal_mtm_rtl_rules.def
	+nowarnDSEMEL
	rtl/vga_pkg.sv
	rtl/vga_if.sv
	rtl/draw_buttons.sv
xrun: *N,CLEAN: Removing existing directory ./xcelium.d.
file: rtl/vga_pkg.sv
	package worklib.vga_pkg:sv
		errors: 0, warnings: 0
file: rtl/vga_if.sv
	interface worklib.vga_if:sv
		errors: 0, warnings: 0
file: rtl/draw_buttons.sv
	module worklib.draw_buttons:sv
		errors: 0, warnings: 0
		Caching library 'worklib' ....... Done
	Elaborating the design hierarchy:
	Top level design units:
		vga_pkg
		vga_if
		draw_buttons
	Building instance overlay tables: .................... Done
	Generating native compiled code:
		worklib.draw_buttons:sv <0x43a4852a>
			streams:   5, words:  3223
	Building instance specific data structures.
	Loading native compiled code:     .................... Done
	Design hierarchy summary:
		                 Instances  Unique
		Modules:                 1       1
		Interfaces:              2       1
		Verilog packages:        1       1
		Registers:              19      12
		Scalar wires:            3       -
		Vectored wires:          2       -
		Always blocks:           2       2
		Cont. assignments:       1       1
		Simulation timescale:  1ps
	Writing initial simulation snapshot: worklib.vga_if:sv
hal: 19.09-s003: (c) Copyright 1995-2019 Cadence Design Systems, Inc.
hal: Options:   -cdslib ./xcelium.d/run.lnx86.19.09.d/cds.lib -logfile xrun.log -f /home/student/zschab/Desktop/Projekt_UEC2/xcelium.d/run.lnx86.19.09.d/hal.args .
hal: Snapshot:  worklib.vga_if:sv.
hal: Workspace: /home/student/zschab/Desktop/Projekt_UEC2.
hal: Date: Wed Aug 28 16:30:19 CEST 2024.

hal: Running on elaborated SNAPSHOT.....

  ==========================================================================
Performing lint checks 

halcheck: 19.09-s003: (c) Copyright 1995-2019 Cadence Design Systems, Inc.
visadev: 19.09-s003: (c) Copyright 1995-2019 Cadence Design Systems, Inc.
    input logic [11:0] xpos_player,
|
halcheck: *W,STYVAL (./rtl/draw_buttons.sv,14|0): Numeric value '11' used for identifier 'xpos_player'. Use constants to avoid portability issues.
    input logic [11:0] ypos_player,
|
halcheck: *W,STYVAL (./rtl/draw_buttons.sv,15|0): Numeric value '11' used for identifier 'ypos_player'. Use constants to avoid portability issues.
logic [11:0] rgb_nxt;
|
halcheck: *W,STYVAL (./rtl/draw_buttons.sv,20|0): Numeric value '11' used for identifier 'rgb_nxt'. Use constants to avoid portability issues.
always_ff @(posedge clk) begin
|
halcheck: *W,NOBLKN (./rtl/draw_buttons.sv,24|0): Each block should be labeled with a meaningful name.
always_comb begin
|
halcheck: *W,NOBLKN (./rtl/draw_buttons.sv,46|0): Each block should be labeled with a meaningful name.
        button1_pressed = 1;
|
halcheck: *W,IMPDTC (./rtl/draw_buttons.sv,50|0): Expression '1' implicitly converted to type 'unsigned' from type 'signed' in module/design-unit draw_buttons.
        button1_pressed = 0;
|
halcheck: *W,IMPDTC (./rtl/draw_buttons.sv,52|0): Expression '0' implicitly converted to type 'unsigned' from type 'signed' in module/design-unit draw_buttons.
        button2_pressed = 1;
|
halcheck: *W,IMPDTC (./rtl/draw_buttons.sv,56|0): Expression '1' implicitly converted to type 'unsigned' from type 'signed' in module/design-unit draw_buttons.
        button2_pressed = 0;
|
halcheck: *W,IMPDTC (./rtl/draw_buttons.sv,58|0): Expression '0' implicitly converted to type 'unsigned' from type 'signed' in module/design-unit draw_buttons.
    if ((vga_in.vcount > 490 && vga_in.vcount <= 500) && (vga_in.hcount > 200 && vga_in.hcount < 250)) begin
|
halcheck: *W,IFSMCD (./rtl/draw_buttons.sv,62|0): Condition 'vcount > 490' is present in all the branches of if/if-else statement.
    if ((vga_in.vcount > 490 && vga_in.vcount <= 500) && (vga_in.hcount > 200 && vga_in.hcount < 250)) begin
|
halcheck: *W,IFSMCD (./rtl/draw_buttons.sv,62|0): Condition 'vcount <= 500' is present in all the branches of if/if-else statement.
assign button_pressed_nxt = button1_pressed || button2_pressed;
|
halcheck: *W,REVROP (./rtl/draw_buttons.sv,70|0): Register 'button1_pressed' is being read/assigned outside the process in which it was assigned using a blocking assignment.
halcheck: (./rtl/draw_buttons.sv,46): Assigned using blocking assignment in this process.
assign button_pressed_nxt = button1_pressed || button2_pressed;
|
halcheck: *W,REVROP (./rtl/draw_buttons.sv,70|0): Register 'button2_pressed' is being read/assigned outside the process in which it was assigned using a blocking assignment.
halcheck: (./rtl/draw_buttons.sv,46): Assigned using blocking assignment in this process.
   localparam HOR_PIXELS = 800;
|
halcheck: *W,USEPAR (./rtl/vga_pkg.sv,13|0): Parameter 'HOR_PIXELS' defined in package 'vga_pkg' is unused.
   localparam VER_PIXELS = 600;
|
halcheck: *W,USEPAR (./rtl/vga_pkg.sv,14|0): Parameter 'VER_PIXELS' defined in package 'vga_pkg' is unused.
   localparam HOR_TOTAL_TIME = 1056;
|
halcheck: *W,USEPAR (./rtl/vga_pkg.sv,15|0): Parameter 'HOR_TOTAL_TIME' defined in package 'vga_pkg' is unused.
   localparam HOR_BLANK_START = 800;
|
halcheck: *W,USEPAR (./rtl/vga_pkg.sv,16|0): Parameter 'HOR_BLANK_START' defined in package 'vga_pkg' is unused.
   localparam HOR_SYNC_START = 840;
|
halcheck: *W,USEPAR (./rtl/vga_pkg.sv,17|0): Parameter 'HOR_SYNC_START' defined in package 'vga_pkg' is unused.
   localparam VER_TOTAL_TIME = 628;
|
halcheck: *W,USEPAR (./rtl/vga_pkg.sv,18|0): Parameter 'VER_TOTAL_TIME' defined in package 'vga_pkg' is unused.
   localparam VER_BLANK_START = 600;
|
halcheck: *W,USEPAR (./rtl/vga_pkg.sv,19|0): Parameter 'VER_BLANK_START' defined in package 'vga_pkg' is unused.
   localparam VER_SYNC_START = 601;
|
halcheck: *W,USEPAR (./rtl/vga_pkg.sv,20|0): Parameter 'VER_SYNC_START' defined in package 'vga_pkg' is unused.
   localparam HOR_SYNC_END = 968;
|
halcheck: *W,USEPAR (./rtl/vga_pkg.sv,23|0): Parameter 'HOR_SYNC_END' defined in package 'vga_pkg' is unused.
   localparam HOR_BLANK_END = 1056;
|
halcheck: *W,USEPAR (./rtl/vga_pkg.sv,24|0): Parameter 'HOR_BLANK_END' defined in package 'vga_pkg' is unused.
   localparam VER_SYNC_END = 605;
|
halcheck: *W,USEPAR (./rtl/vga_pkg.sv,25|0): Parameter 'VER_SYNC_END' defined in package 'vga_pkg' is unused.
   localparam VER_BLANK_END = 628;
|
halcheck: *W,USEPAR (./rtl/vga_pkg.sv,26|0): Parameter 'VER_BLANK_END' defined in package 'vga_pkg' is unused.
   localparam RECT_LENGTH = 48;
|
halcheck: *W,USEPAR (./rtl/vga_pkg.sv,28|0): Parameter 'RECT_LENGTH' defined in package 'vga_pkg' is unused.
   localparam RECT_HEIGHT = 64;
|
halcheck: *W,USEPAR (./rtl/vga_pkg.sv,29|0): Parameter 'RECT_HEIGHT' defined in package 'vga_pkg' is unused.
   localparam CHARX = 300;
|
halcheck: *W,USEPAR (./rtl/vga_pkg.sv,31|0): Parameter 'CHARX' defined in package 'vga_pkg' is unused.
   localparam CHARY = 300;
|
halcheck: *W,USEPAR (./rtl/vga_pkg.sv,32|0): Parameter 'CHARY' defined in package 'vga_pkg' is unused.
   localparam CHARH = 272;
|
halcheck: *W,USEPAR (./rtl/vga_pkg.sv,33|0): Parameter 'CHARH' defined in package 'vga_pkg' is unused.
   localparam CHARL = 128;
|
halcheck: *W,USEPAR (./rtl/vga_pkg.sv,34|0): Parameter 'CHARL' defined in package 'vga_pkg' is unused.
halcheck: Total errors   = 0.
halcheck: Total warnings = 31.

  ==========================================================================
Performing synthesizability checks 

cfe: 19.09-s003: (c) Copyright 1995-2019 Cadence Design Systems, Inc.
halsynth: Loading design snapshot....
halsynth: *W,MULTOP: The snapshot contains multiple top-level modules. Use the -TOP option to specify the hierarchy to be processed.
halsynth: Traversing design hierarchy....
halsynth: Total errors   = 0.
halsynth: Total warnings = 1.

  ==========================================================================
Performing structural checks 

halstruct: 19.09-s003: (c) Copyright 1995-2019 Cadence Design Systems, Inc.
visadev: 19.09-s003: (c) Copyright 1995-2019 Cadence Design Systems, Inc.
halstruct: Total errors   = 0.
halstruct: Total warnings = 0.

  ==========================================================================

Analysis summary :

 Warnings : (32)
  IFSMCD (2)      IMPDTC (4)      MULTOP (1)      NOBLKN (2)     
  REVROP (2)      STYVAL (3)      USEPAR (18)    

 Notes    : (1)
  CLEAN (1)     

Analysis complete.

 ==========================================================================

To analyze results, run following command :
    xmbrowse -cdslib ./xcelium.d/run.lnx86.19.09.d/cds.lib -hdlvar ./xcelium.d/run.lnx86.19.09.d/hdl.var -rulefile /cad/env/hal_mtm_rtl_rules.def -sortby severity -sortby category -sortby tag xrun.log

TOOL:	xrun	19.09-s003: Exiting on Aug 28, 2024 at 16:30:23 CEST  (total: 00:00:06)
