
*** Running vivado
    with args -log top_vga_basys3.vds -m64 -product Vivado -mode batch -messageDb vivado.pb -notrace -source top_vga_basys3.tcl


****** Vivado v2021.2 (64-bit)
  **** SW Build 3367213 on Tue Oct 19 02:47:39 MDT 2021
  **** IP Build 3369179 on Thu Oct 21 08:25:16 MDT 2021
    ** Copyright 1986-2021 Xilinx, Inc. All Rights Reserved.

source top_vga_basys3.tcl -notrace
Command: synth_design -top top_vga_basys3 -part xc7a35tcpg236-1
Starting synth_design
Attempting to get a license for feature 'Synthesis' and/or device 'xc7a35t'
INFO: [Common 17-349] Got license for feature 'Synthesis' and/or device 'xc7a35t'
INFO: [Device 21-403] Loading part xc7a35tcpg236-1
INFO: [Synth 8-7079] Multithreading enabled for synth_design using a maximum of 4 processes.
INFO: [Synth 8-7078] Launching helper process for spawning children vivado processes
INFO: [Synth 8-7075] Helper process launched with PID 26119
CRITICAL WARNING: [Synth 8-2490] overwriting previous definition of module state_pkg [/home/student/hsikora/Desktop/Projekt/rtl/state_pkg.sv:7]
ERROR: [Synth 8-1031] ps2_code is not declared [/home/student/hsikora/Desktop/Projekt/rtl/top_vga.sv:102]
ERROR: [Synth 8-1031] ps2_code_new is not declared [/home/student/hsikora/Desktop/Projekt/rtl/top_vga.sv:103]
ERROR: [Synth 8-1031] button is not declared [/home/student/hsikora/Desktop/Projekt/rtl/top_vga.sv:109]
ERROR: [Synth 8-1031] result is not declared [/home/student/hsikora/Desktop/Projekt/rtl/top_vga.sv:110]
ERROR: [Synth 8-1031] result is not declared [/home/student/hsikora/Desktop/Projekt/rtl/top_vga.sv:132]
INFO: [Synth 8-2350] module top_vga ignored due to previous errors [/home/student/hsikora/Desktop/Projekt/rtl/top_vga.sv:1]
Failed to read verilog '/home/student/hsikora/Desktop/Projekt/rtl/top_vga.sv'
INFO: [Common 17-83] Releasing license: Synthesis
7 Infos, 0 Warnings, 1 Critical Warnings and 6 Errors encountered.
synth_design failed
ERROR: [Common 17-69] Command failed: Synthesis failed - please see the console or run log file for details
INFO: [Common 17-206] Exiting Vivado at Sun Aug 25 22:34:26 2024...
