Copyright 1986-2021 Xilinx, Inc. All Rights Reserved.
-------------------------------------------------------------------------------------------
| Tool Version : Vivado v.2021.2 (lin64) Build 3367213 Tue Oct 19 02:47:39 MDT 2021
| Date         : Tue Aug 20 00:42:48 2024
| Host         : cadence30 running 64-bit CentOS Linux release 7.9.2009 (Core)
| Command      : report_control_sets -verbose -file top_vga_basys3_control_sets_placed.rpt
| Design       : top_vga_basys3
| Device       : xc7a35t
-------------------------------------------------------------------------------------------

Control Set Information

Table of Contents
-----------------
1. Summary
2. Histogram
3. Flip-Flop Distribution
4. Detailed Control Set Information

1. Summary
----------

+----------------------------------------------------------+-------+
|                          Status                          | Count |
+----------------------------------------------------------+-------+
| Total control sets                                       |     7 |
|    Minimum number of control sets                        |     7 |
|    Addition due to synthesis replication                 |     0 |
|    Addition due to physical synthesis replication        |     0 |
| Unused register locations in slices containing registers |    22 |
+----------------------------------------------------------+-------+
* Control sets can be merged at opt_design using control_set_merge or merge_equivalent_drivers
** Run report_qor_suggestions for automated merging and remapping suggestions


2. Histogram
------------

+--------------------+-------+
|       Fanout       | Count |
+--------------------+-------+
| Total control sets |     7 |
| >= 0 to < 4        |     1 |
| >= 4 to < 6        |     0 |
| >= 6 to < 8        |     0 |
| >= 8 to < 10       |     1 |
| >= 10 to < 12      |     0 |
| >= 12 to < 14      |     2 |
| >= 14 to < 16      |     1 |
| >= 16              |     2 |
+--------------------+-------+
* Control sets can be remapped at either synth_design or opt_design


3. Flip-Flop Distribution
-------------------------

+--------------+-----------------------+------------------------+-----------------+--------------+
| Clock Enable | Synchronous Set/Reset | Asynchronous Set/Reset | Total Registers | Total Slices |
+--------------+-----------------------+------------------------+-----------------+--------------+
| No           | No                    | No                     |              31 |           16 |
| No           | No                    | Yes                    |               0 |            0 |
| No           | Yes                   | No                     |              41 |           18 |
| Yes          | No                    | No                     |               0 |            0 |
| Yes          | No                    | Yes                    |               0 |            0 |
| Yes          | Yes                   | No                     |              26 |           10 |
+--------------+-----------------------+------------------------+-----------------+--------------+


4. Detailed Control Set Information
-----------------------------------

+---------------------------------------+-----------------------------------------------------+-----------------------------------------------------+------------------+----------------+--------------+
|              Clock Signal             |                    Enable Signal                    |                   Set/Reset Signal                  | Slice Load Count | Bel Load Count | Bels / Slice |
+---------------------------------------+-----------------------------------------------------+-----------------------------------------------------+------------------+----------------+--------------+
|  u_top_vga/u_draw_rect_ctl/state_nxt  |                                                     |                                                     |                1 |              3 |         3.00 |
|  u_clk/inst/clk40MHz_clk_wiz_0_en_clk |                                                     |                                                     |                1 |              8 |         8.00 |
|  u_clk/inst/pclk40                    | u_top_vga/u_draw_rect_ctl/ypos[0]_i_1_n_0           | btnC_IBUF                                           |                3 |             12 |         4.00 |
|  u_clk/inst/pclk40                    |                                                     | u_top_vga/u_vga_timing/vga_out\\.hcount[10]_i_1_n_0 |               10 |             13 |         1.30 |
|  u_clk/inst/pclk40                    | u_top_vga/u_vga_timing/vga_out\\.vcount[10]_i_2_n_0 | u_top_vga/u_vga_timing/vga_out\\.vcount[10]_i_1_n_0 |                7 |             14 |         2.00 |
|  u_clk/inst/pclk40                    |                                                     |                                                     |               14 |             20 |         1.43 |
|  u_clk/inst/pclk40                    |                                                     | btnC_IBUF                                           |                8 |             28 |         3.50 |
+---------------------------------------+-----------------------------------------------------+-----------------------------------------------------+------------------+----------------+--------------+


