#-----------------------------------------------------------
# Vivado v2021.2 (64-bit)
# SW Build 3367213 on Tue Oct 19 02:47:39 MDT 2021
# IP Build 3369179 on Thu Oct 21 08:25:16 MDT 2021
# Start of session at: Sat Aug 31 11:43:10 2024
# Process ID: 32243
# Current directory: /home/student/zschab/Desktop/Projekt_UEC2/fpga
# Command line: vivado -mode tcl -source scripts/generate_bitstream.tcl
# Log file: /home/student/zschab/Desktop/Projekt_UEC2/fpga/vivado.log
# Journal file: /home/student/zschab/Desktop/Projekt_UEC2/fpga/vivado.jou
# Running On: cadence33, OS: Linux, CPU Frequency: 3273.632 MHz, CPU Physical cores: 4, Host memory: 16720 MB
#-----------------------------------------------------------
source scripts/generate_bitstream.tcl
# source scripts/project_details.tcl
## set project_name vga_project
## set top_module top_vga_basys3
## set target xc7a35tcpg236-1
## set xdc_files {
##     constraints/top_vga_basys3.xdc    
##     constraints/clk_wiz_0.xdc
##     constraints/clk_wiz_0_late.xdc
## }
## set sv_files {
##     ../rtl/vga_pkg.sv 
##     ../rtl/state_pkg.sv
##     ../rtl/vga_if.sv
##     ../rtl/vga_timing.sv
##     ../rtl/draw_bg.sv
##     ../rtl/draw_rect.sv
##     ../rtl/draw_rect_ctl.sv
##     ../rtl/top_vga.sv
##     ../rtl/draw_mouse.sv
##     ../rtl/image_rom.sv
##     ../rtl/draw_buttons.sv
##     ../rtl/draw_player1.sv
##     ../rtl/draw_player2.sv
##     ../rtl/draw_player_ctl.sv
##     rtl/top_vga_basys3.sv
##     rtl/clk_wiz_0_clk_wiz.v
##     rtl/clk_wiz_0.v
## }
## set verilog_files {
##     rtl/clk_wiz_0_clk_wiz.v
##     rtl/clk_wiz_0.v
##  }
## set vhdl_files {
##     ../rtl/MouseCtl.vhd
##     ../rtl/MouseDisplay.vhd
##     ../rtl/Ps2Interface.vhd
##  }
## set mem_files {
##     ../rtl/mine.dat
##  
##  }
# proc create_new_project {project_name target top_module} {
#     file mkdir build
#     create_project ${project_name} build -part ${target} -force
# 
#     # read files from the variables provided by the project_details.tcl
#     if {[info exists ::xdc_files]}     {read_xdc ${::xdc_files}}
#     if {[info exists ::sv_files]}      {read_verilog -sv ${::sv_files}}
#     if {[info exists ::verilog_files]} {read_verilog ${::verilog_files}}
#     if {[info exists ::vhdl_files]}    {read_vhdl ${::vhdl_files}}
#     if {[info exists ::mem_files]}     {read_mem ${::mem_files}}
# 
#     set_property top ${top_module} [current_fileset]
#     update_compile_order -fileset sources_1
# }
# proc generate_bitstream {} {
#     # Run synthesis
#     reset_run synth_1
#     launch_runs synth_1 -jobs 8
#     wait_on_run synth_1
# 
#     # Run implemenatation up to bitstream generation
#     launch_runs impl_1 -to_step write_bitstream -jobs 8
#     wait_on_run impl_1
# }
# create_new_project $project_name $target $top_module
create_project: Time (s): cpu = 00:00:04 ; elapsed = 00:00:07 . Memory (MB): peak = 2709.754 ; gain = 2.023 ; free physical = 1028 ; free virtual = 11129
WARNING: [filemgmt 56-12] File '/home/student/zschab/Desktop/Projekt_UEC2/fpga/rtl/clk_wiz_0_clk_wiz.v' cannot be added to the project because it already exists in the project, skipping this file
WARNING: [filemgmt 56-12] File '/home/student/zschab/Desktop/Projekt_UEC2/fpga/rtl/clk_wiz_0.v' cannot be added to the project because it already exists in the project, skipping this file
# generate_bitstream
WARNING: [Vivado 12-7122] Auto Incremental Compile:: No reference checkpoint was found in run synth_1. Auto-incremental flow will not be run, the standard flow will be run instead.
[Sat Aug 31 11:43:31 2024] Launched synth_1...
Run output will be captured here: /home/student/zschab/Desktop/Projekt_UEC2/fpga/build/vga_project.runs/synth_1/runme.log
[Sat Aug 31 11:43:31 2024] Waiting for synth_1 to finish...

*** Running vivado
    with args -log top_vga_basys3.vds -m64 -product Vivado -mode batch -messageDb vivado.pb -notrace -source top_vga_basys3.tcl


****** Vivado v2021.2 (64-bit)
  **** SW Build 3367213 on Tue Oct 19 02:47:39 MDT 2021
  **** IP Build 3369179 on Thu Oct 21 08:25:16 MDT 2021
    ** Copyright 1986-2021 Xilinx, Inc. All Rights Reserved.

source top_vga_basys3.tcl -notrace
Command: synth_design -top top_vga_basys3 -part xc7a35tcpg236-1
Starting synth_design
Attempting to get a license for feature 'Synthesis' and/or device 'xc7a35t'
INFO: [Common 17-349] Got license for feature 'Synthesis' and/or device 'xc7a35t'
INFO: [Device 21-403] Loading part xc7a35tcpg236-1
INFO: [Synth 8-7079] Multithreading enabled for synth_design using a maximum of 4 processes.
INFO: [Synth 8-7078] Launching helper process for spawning children vivado processes
INFO: [Synth 8-7075] Helper process launched with PID 1288
WARNING: [Synth 8-2611] redeclaration of ansi port gpio_right_output is not allowed [/home/student/zschab/Desktop/Projekt_UEC2/rtl/top_vga.sv:36]
WARNING: [Synth 8-2611] redeclaration of ansi port gpio_left_output is not allowed [/home/student/zschab/Desktop/Projekt_UEC2/rtl/top_vga.sv:36]
CRITICAL WARNING: [Synth 8-976] gpio_right_output has already been declared [/home/student/zschab/Desktop/Projekt_UEC2/rtl/top_vga.sv:36]
CRITICAL WARNING: [Synth 8-2654] second declaration of gpio_right_output ignored [/home/student/zschab/Desktop/Projekt_UEC2/rtl/top_vga.sv:36]
INFO: [Synth 8-994] gpio_right_output is declared here [/home/student/zschab/Desktop/Projekt_UEC2/rtl/top_vga.sv:9]
INFO: [Synth 8-994] gpio_left_output is declared here [/home/student/zschab/Desktop/Projekt_UEC2/rtl/top_vga.sv:8]
WARNING: [Synth 8-2611] redeclaration of ansi port gpio_right_input is not allowed [/home/student/zschab/Desktop/Projekt_UEC2/rtl/top_vga.sv:37]
WARNING: [Synth 8-2611] redeclaration of ansi port gpio_left_input is not allowed [/home/student/zschab/Desktop/Projekt_UEC2/rtl/top_vga.sv:37]
CRITICAL WARNING: [Synth 8-976] gpio_right_input has already been declared [/home/student/zschab/Desktop/Projekt_UEC2/rtl/top_vga.sv:37]
CRITICAL WARNING: [Synth 8-2654] second declaration of gpio_right_input ignored [/home/student/zschab/Desktop/Projekt_UEC2/rtl/top_vga.sv:37]
INFO: [Synth 8-994] gpio_right_input is declared here [/home/student/zschab/Desktop/Projekt_UEC2/rtl/top_vga.sv:7]
INFO: [Synth 8-994] gpio_left_input is declared here [/home/student/zschab/Desktop/Projekt_UEC2/rtl/top_vga.sv:6]
---------------------------------------------------------------------------------
Starting RTL Elaboration : Time (s): cpu = 00:00:03 ; elapsed = 00:00:04 . Memory (MB): peak = 2717.816 ; gain = 0.000 ; free physical = 374 ; free virtual = 10227
---------------------------------------------------------------------------------
INFO: [Synth 8-6157] synthesizing module 'top_vga_basys3' [/home/student/zschab/Desktop/Projekt_UEC2/fpga/rtl/top_vga_basys3.sv:17]
INFO: [Synth 8-6157] synthesizing module 'clk_wiz_0' [/home/student/zschab/Desktop/Projekt_UEC2/fpga/rtl/clk_wiz_0.v:71]
INFO: [Synth 8-6157] synthesizing module 'clk_wiz_0_clk_wiz' [/home/student/zschab/Desktop/Projekt_UEC2/fpga/rtl/clk_wiz_0_clk_wiz.v:69]
INFO: [Synth 8-6157] synthesizing module 'IBUF' [/home_local/Xilinx/Vivado/2021.2/scripts/rt/data/unisim_comp.v:55204]
INFO: [Synth 8-6155] done synthesizing module 'IBUF' (1#1) [/home_local/Xilinx/Vivado/2021.2/scripts/rt/data/unisim_comp.v:55204]
INFO: [Synth 8-6157] synthesizing module 'MMCME2_ADV' [/home_local/Xilinx/Vivado/2021.2/scripts/rt/data/unisim_comp.v:63510]
	Parameter BANDWIDTH bound to: OPTIMIZED - type: string 
	Parameter CLKFBOUT_MULT_F bound to: 10.000000 - type: double 
	Parameter CLKFBOUT_PHASE bound to: 0.000000 - type: double 
	Parameter CLKFBOUT_USE_FINE_PS bound to: FALSE - type: string 
	Parameter CLKIN1_PERIOD bound to: 10.000000 - type: double 
	Parameter CLKOUT0_DIVIDE_F bound to: 10.000000 - type: double 
	Parameter CLKOUT0_DUTY_CYCLE bound to: 0.500000 - type: double 
	Parameter CLKOUT0_PHASE bound to: 0.000000 - type: double 
	Parameter CLKOUT0_USE_FINE_PS bound to: FALSE - type: string 
	Parameter CLKOUT1_DIVIDE bound to: 25 - type: integer 
	Parameter CLKOUT1_DUTY_CYCLE bound to: 0.500000 - type: double 
	Parameter CLKOUT1_PHASE bound to: 0.000000 - type: double 
	Parameter CLKOUT1_USE_FINE_PS bound to: FALSE - type: string 
	Parameter CLKOUT4_CASCADE bound to: FALSE - type: string 
	Parameter COMPENSATION bound to: ZHOLD - type: string 
	Parameter DIVCLK_DIVIDE bound to: 1 - type: integer 
	Parameter STARTUP_WAIT bound to: FALSE - type: string 
INFO: [Synth 8-6155] done synthesizing module 'MMCME2_ADV' (2#1) [/home_local/Xilinx/Vivado/2021.2/scripts/rt/data/unisim_comp.v:63510]
INFO: [Synth 8-6157] synthesizing module 'BUFG' [/home_local/Xilinx/Vivado/2021.2/scripts/rt/data/unisim_comp.v:1083]
INFO: [Synth 8-6155] done synthesizing module 'BUFG' (3#1) [/home_local/Xilinx/Vivado/2021.2/scripts/rt/data/unisim_comp.v:1083]
INFO: [Synth 8-6157] synthesizing module 'BUFGCE' [/home_local/Xilinx/Vivado/2021.2/scripts/rt/data/unisim_comp.v:1093]
INFO: [Synth 8-6155] done synthesizing module 'BUFGCE' (4#1) [/home_local/Xilinx/Vivado/2021.2/scripts/rt/data/unisim_comp.v:1093]
INFO: [Synth 8-6157] synthesizing module 'BUFH' [/home_local/Xilinx/Vivado/2021.2/scripts/rt/data/unisim_comp.v:1319]
INFO: [Synth 8-6155] done synthesizing module 'BUFH' (5#1) [/home_local/Xilinx/Vivado/2021.2/scripts/rt/data/unisim_comp.v:1319]
INFO: [Synth 8-6155] done synthesizing module 'clk_wiz_0_clk_wiz' (6#1) [/home/student/zschab/Desktop/Projekt_UEC2/fpga/rtl/clk_wiz_0_clk_wiz.v:69]
INFO: [Synth 8-6155] done synthesizing module 'clk_wiz_0' (7#1) [/home/student/zschab/Desktop/Projekt_UEC2/fpga/rtl/clk_wiz_0.v:71]
WARNING: [Synth 8-7071] port 'locked' of module 'clk_wiz_0' is unconnected for instance 'u_clk' [/home/student/zschab/Desktop/Projekt_UEC2/fpga/rtl/top_vga_basys3.sv:51]
WARNING: [Synth 8-7023] instance 'u_clk' of module 'clk_wiz_0' has 4 connections declared, but only 3 given [/home/student/zschab/Desktop/Projekt_UEC2/fpga/rtl/top_vga_basys3.sv:51]
INFO: [Synth 8-6157] synthesizing module 'ODDR' [/home_local/Xilinx/Vivado/2021.2/scripts/rt/data/unisim_comp.v:74749]
INFO: [Synth 8-6155] done synthesizing module 'ODDR' (8#1) [/home_local/Xilinx/Vivado/2021.2/scripts/rt/data/unisim_comp.v:74749]
INFO: [Synth 8-6157] synthesizing module 'top_vga' [/home/student/zschab/Desktop/Projekt_UEC2/rtl/top_vga.sv:1]
INFO: [Synth 8-6157] synthesizing module 'vga_if' [/home/student/zschab/Desktop/Projekt_UEC2/rtl/vga_if.sv:12]
INFO: [Synth 8-6155] done synthesizing module 'vga_if' (8#1) [/home/student/zschab/Desktop/Projekt_UEC2/rtl/vga_if.sv:12]
INFO: [Synth 8-6157] synthesizing module 'vga_if' [/home/student/zschab/Desktop/Projekt_UEC2/rtl/vga_if.sv:12]
INFO: [Synth 8-6155] done synthesizing module 'vga_if' (8#1) [/home/student/zschab/Desktop/Projekt_UEC2/rtl/vga_if.sv:12]
INFO: [Synth 8-6157] synthesizing module 'vga_if' [/home/student/zschab/Desktop/Projekt_UEC2/rtl/vga_if.sv:12]
INFO: [Synth 8-6155] done synthesizing module 'vga_if' (8#1) [/home/student/zschab/Desktop/Projekt_UEC2/rtl/vga_if.sv:12]
INFO: [Synth 8-6157] synthesizing module 'vga_if' [/home/student/zschab/Desktop/Projekt_UEC2/rtl/vga_if.sv:12]
INFO: [Synth 8-6155] done synthesizing module 'vga_if' (8#1) [/home/student/zschab/Desktop/Projekt_UEC2/rtl/vga_if.sv:12]
INFO: [Synth 8-6157] synthesizing module 'vga_if' [/home/student/zschab/Desktop/Projekt_UEC2/rtl/vga_if.sv:12]
INFO: [Synth 8-6155] done synthesizing module 'vga_if' (8#1) [/home/student/zschab/Desktop/Projekt_UEC2/rtl/vga_if.sv:12]
INFO: [Synth 8-6157] synthesizing module 'vga_if' [/home/student/zschab/Desktop/Projekt_UEC2/rtl/vga_if.sv:12]
INFO: [Synth 8-6155] done synthesizing module 'vga_if' (8#1) [/home/student/zschab/Desktop/Projekt_UEC2/rtl/vga_if.sv:12]
INFO: [Synth 8-6157] synthesizing module 'vga_timing' [/home/student/zschab/Desktop/Projekt_UEC2/rtl/vga_timing.sv:13]
WARNING: [Synth 8-3848] Net vga_out\.rgb in module/entity vga_timing does not have driver. [/home/student/zschab/Desktop/Projekt_UEC2/rtl/vga_timing.sv:16]
INFO: [Synth 8-6155] done synthesizing module 'vga_timing' (9#1) [/home/student/zschab/Desktop/Projekt_UEC2/rtl/vga_timing.sv:13]
INFO: [Synth 8-6157] synthesizing module 'draw_bg' [/home/student/zschab/Desktop/Projekt_UEC2/rtl/draw_bg.sv:13]
WARNING: [Synth 8-3848] Net rgb_out in module/entity draw_bg does not have driver. [/home/student/zschab/Desktop/Projekt_UEC2/rtl/draw_bg.sv:20]
INFO: [Synth 8-6155] done synthesizing module 'draw_bg' (10#1) [/home/student/zschab/Desktop/Projekt_UEC2/rtl/draw_bg.sv:13]
INFO: [Synth 8-6157] synthesizing module 'draw_buttons' [/home/student/zschab/Desktop/Projekt_UEC2/rtl/draw_buttons.sv:9]
INFO: [Synth 8-6155] done synthesizing module 'draw_buttons' (11#1) [/home/student/zschab/Desktop/Projekt_UEC2/rtl/draw_buttons.sv:9]
WARNING: [Synth 8-689] width (2) of port connection 'button_pressed' does not match port width (1) of module 'draw_buttons' [/home/student/zschab/Desktop/Projekt_UEC2/rtl/top_vga.sv:77]
INFO: [Synth 8-6157] synthesizing module 'draw_rect' [/home/student/zschab/Desktop/Projekt_UEC2/rtl/draw_rect.sv:9]
INFO: [Synth 8-6155] done synthesizing module 'draw_rect' (12#1) [/home/student/zschab/Desktop/Projekt_UEC2/rtl/draw_rect.sv:9]
INFO: [Synth 8-6157] synthesizing module 'image_rom' [/home/student/zschab/Desktop/Projekt_UEC2/rtl/image_rom.sv:9]
INFO: [Synth 8-3876] $readmem data file 'mine.dat' is read successfully [/home/student/zschab/Desktop/Projekt_UEC2/rtl/image_rom.sv:25]
INFO: [Synth 8-6155] done synthesizing module 'image_rom' (13#1) [/home/student/zschab/Desktop/Projekt_UEC2/rtl/image_rom.sv:9]
INFO: [Synth 8-6157] synthesizing module 'draw_rect_ctl' [/home/student/zschab/Desktop/Projekt_UEC2/rtl/draw_rect_ctl.sv:10]
INFO: [Synth 8-6155] done synthesizing module 'draw_rect_ctl' (14#1) [/home/student/zschab/Desktop/Projekt_UEC2/rtl/draw_rect_ctl.sv:10]
WARNING: [Synth 8-689] width (2) of port connection 'button_pressed' does not match port width (1) of module 'draw_rect_ctl' [/home/student/zschab/Desktop/Projekt_UEC2/rtl/top_vga.sv:103]
INFO: [Synth 8-638] synthesizing module 'MouseCtl' [/home/student/zschab/Desktop/Projekt_UEC2/rtl/MouseCtl.vhd:207]
INFO: [Synth 8-3491] module 'Ps2Interface' declared at '/home/student/zschab/Desktop/Projekt_UEC2/rtl/Ps2Interface.vhd:152' bound to instance 'Inst_Ps2Interface' of component 'Ps2Interface' [/home/student/zschab/Desktop/Projekt_UEC2/rtl/MouseCtl.vhd:369]
INFO: [Synth 8-638] synthesizing module 'Ps2Interface' [/home/student/zschab/Desktop/Projekt_UEC2/rtl/Ps2Interface.vhd:180]
INFO: [Synth 8-256] done synthesizing module 'Ps2Interface' (15#1) [/home/student/zschab/Desktop/Projekt_UEC2/rtl/Ps2Interface.vhd:180]
WARNING: [Synth 8-6014] Unused sequential element set_x.inc_reg was removed.  [/home/student/zschab/Desktop/Projekt_UEC2/rtl/MouseCtl.vhd:450]
WARNING: [Synth 8-6014] Unused sequential element set_x.x_inter_reg was removed.  [/home/student/zschab/Desktop/Projekt_UEC2/rtl/MouseCtl.vhd:456]
WARNING: [Synth 8-6014] Unused sequential element set_y.inc_reg was removed.  [/home/student/zschab/Desktop/Projekt_UEC2/rtl/MouseCtl.vhd:514]
WARNING: [Synth 8-6014] Unused sequential element set_y.y_inter_reg was removed.  [/home/student/zschab/Desktop/Projekt_UEC2/rtl/MouseCtl.vhd:520]
INFO: [Synth 8-256] done synthesizing module 'MouseCtl' (16#1) [/home/student/zschab/Desktop/Projekt_UEC2/rtl/MouseCtl.vhd:207]
WARNING: [Synth 8-7071] port 'zpos' of module 'MouseCtl' is unconnected for instance 'u_mouse_ctl1' [/home/student/zschab/Desktop/Projekt_UEC2/rtl/top_vga.sv:108]
WARNING: [Synth 8-7071] port 'new_event' of module 'MouseCtl' is unconnected for instance 'u_mouse_ctl1' [/home/student/zschab/Desktop/Projekt_UEC2/rtl/top_vga.sv:108]
WARNING: [Synth 8-7071] port 'value' of module 'MouseCtl' is unconnected for instance 'u_mouse_ctl1' [/home/student/zschab/Desktop/Projekt_UEC2/rtl/top_vga.sv:108]
WARNING: [Synth 8-7071] port 'setx' of module 'MouseCtl' is unconnected for instance 'u_mouse_ctl1' [/home/student/zschab/Desktop/Projekt_UEC2/rtl/top_vga.sv:108]
WARNING: [Synth 8-7071] port 'sety' of module 'MouseCtl' is unconnected for instance 'u_mouse_ctl1' [/home/student/zschab/Desktop/Projekt_UEC2/rtl/top_vga.sv:108]
WARNING: [Synth 8-7071] port 'setmax_x' of module 'MouseCtl' is unconnected for instance 'u_mouse_ctl1' [/home/student/zschab/Desktop/Projekt_UEC2/rtl/top_vga.sv:108]
WARNING: [Synth 8-7071] port 'setmax_y' of module 'MouseCtl' is unconnected for instance 'u_mouse_ctl1' [/home/student/zschab/Desktop/Projekt_UEC2/rtl/top_vga.sv:108]
WARNING: [Synth 8-7023] instance 'u_mouse_ctl1' of module 'MouseCtl' has 16 connections declared, but only 9 given [/home/student/zschab/Desktop/Projekt_UEC2/rtl/top_vga.sv:108]
ERROR: [Synth 8-439] module 'mouse_to_gpio' not found [/home/student/zschab/Desktop/Projekt_UEC2/rtl/top_vga.sv:120]
ERROR: [Synth 8-6156] failed synthesizing module 'top_vga' [/home/student/zschab/Desktop/Projekt_UEC2/rtl/top_vga.sv:1]
ERROR: [Synth 8-6156] failed synthesizing module 'top_vga_basys3' [/home/student/zschab/Desktop/Projekt_UEC2/fpga/rtl/top_vga_basys3.sv:17]
---------------------------------------------------------------------------------
Finished RTL Elaboration : Time (s): cpu = 00:00:04 ; elapsed = 00:00:06 . Memory (MB): peak = 2717.816 ; gain = 0.000 ; free physical = 298 ; free virtual = 9772
---------------------------------------------------------------------------------
RTL Elaboration failed
INFO: [Common 17-83] Releasing license: Synthesis
58 Infos, 22 Warnings, 4 Critical Warnings and 4 Errors encountered.
synth_design failed
ERROR: [Common 17-69] Command failed: Synthesis failed - please see the console or run log file for details
INFO: [Common 17-206] Exiting Vivado at Sat Aug 31 11:43:56 2024...
[Sat Aug 31 11:44:11 2024] synth_1 finished
WARNING: [Vivado 12-8222] Failed run(s) : 'synth_1'
wait_on_runs: Time (s): cpu = 00:00:27 ; elapsed = 00:00:40 . Memory (MB): peak = 2717.875 ; gain = 0.000 ; free physical = 2027 ; free virtual = 11201
ERROR: [Common 17-70] Application Exception: Failed to launch run 'impl_1' due to failures in the following run(s):
synth_1
These failed run(s) need to be reset prior to launching 'impl_1' again.

exit
INFO: [Common 17-206] Exiting Vivado at Sat Aug 31 11:45:06 2024...
