Warnings, critical warnings and errors from synthesis and implementation

Created: 2024-09-01 11:51:27

----SYNTHESIS----
WARNING: [Synth 8-7071] port 'locked' of module 'clk_wiz_0' is unconnected for instance 'u_clk' [fpga/rtl/top_vga_basys3.sv:50]
WARNING: [Synth 8-7023] instance 'u_clk' of module 'clk_wiz_0' has 4 connections declared, but only 3 given [fpga/rtl/top_vga_basys3.sv:50]
WARNING: [Synth 8-3848] Net vga_out\.rgb in module/entity vga_timing does not have driver. [rtl/vga_timing.sv:16]
WARNING: [Synth 8-6014] Unused sequential element set_x.inc_reg was removed.  [rtl/MouseCtl.vhd:450]
WARNING: [Synth 8-6014] Unused sequential element set_x.x_inter_reg was removed.  [rtl/MouseCtl.vhd:456]
WARNING: [Synth 8-6014] Unused sequential element set_y.inc_reg was removed.  [rtl/MouseCtl.vhd:514]
WARNING: [Synth 8-6014] Unused sequential element set_y.y_inter_reg was removed.  [rtl/MouseCtl.vhd:520]
WARNING: [Synth 8-7071] port 'setx' of module 'MouseCtl' is unconnected for instance 'u_mouse_ctl' [rtl/top_vga.sv:103]
WARNING: [Synth 8-7071] port 'sety' of module 'MouseCtl' is unconnected for instance 'u_mouse_ctl' [rtl/top_vga.sv:103]
WARNING: [Synth 8-7071] port 'setmax_x' of module 'MouseCtl' is unconnected for instance 'u_mouse_ctl' [rtl/top_vga.sv:103]
WARNING: [Synth 8-7071] port 'setmax_y' of module 'MouseCtl' is unconnected for instance 'u_mouse_ctl' [rtl/top_vga.sv:103]
WARNING: [Synth 8-7023] instance 'u_mouse_ctl' of module 'MouseCtl' has 16 connections declared, but only 12 given [rtl/top_vga.sv:103]
WARNING: [Synth 8-87] always_comb on 'xpos_player1_reg' did not result in combinational logic [rtl/draw_player_ctl.sv:53]
WARNING: [Synth 8-87] always_comb on 'xpos_player2_reg' did not result in combinational logic [rtl/draw_player_ctl.sv:55]
WARNING: [Synth 8-87] always_comb on 'rgb_nxt_reg' did not result in combinational logic [rtl/draw_player1.sv:61]
WARNING: [Synth 8-87] always_comb on 'rgb_nxt_reg' did not result in combinational logic [rtl/draw_player2.sv:63]
WARNING: [Synth 8-7071] port 'xpos' of module 'top_vga' is unconnected for instance 'u_top_vga' [fpga/rtl/top_vga_basys3.sv:85]
WARNING: [Synth 8-7071] port 'ypos' of module 'top_vga' is unconnected for instance 'u_top_vga' [fpga/rtl/top_vga_basys3.sv:85]
WARNING: [Synth 8-7023] instance 'u_top_vga' of module 'top_vga' has 16 connections declared, but only 14 given [fpga/rtl/top_vga_basys3.sv:85]
WARNING: [Synth 8-7129] Port vga_in\.rgb[11] in module draw_bg is either unconnected or has no load
WARNING: [Synth 8-7129] Port vga_in\.rgb[10] in module draw_bg is either unconnected or has no load
WARNING: [Synth 8-7129] Port vga_in\.rgb[9] in module draw_bg is either unconnected or has no load
WARNING: [Synth 8-7129] Port vga_in\.rgb[8] in module draw_bg is either unconnected or has no load
WARNING: [Synth 8-7129] Port vga_in\.rgb[7] in module draw_bg is either unconnected or has no load
WARNING: [Synth 8-7129] Port vga_in\.rgb[6] in module draw_bg is either unconnected or has no load
WARNING: [Synth 8-7129] Port vga_in\.rgb[5] in module draw_bg is either unconnected or has no load
WARNING: [Synth 8-7129] Port vga_in\.rgb[4] in module draw_bg is either unconnected or has no load
WARNING: [Synth 8-7129] Port vga_in\.rgb[3] in module draw_bg is either unconnected or has no load
WARNING: [Synth 8-7129] Port vga_in\.rgb[2] in module draw_bg is either unconnected or has no load
WARNING: [Synth 8-7129] Port vga_in\.rgb[1] in module draw_bg is either unconnected or has no load
WARNING: [Synth 8-7129] Port vga_in\.rgb[0] in module draw_bg is either unconnected or has no load
WARNING: [Synth 8-7129] Port vga_out\.rgb[11] in module vga_timing is either unconnected or has no load
WARNING: [Synth 8-7129] Port vga_out\.rgb[10] in module vga_timing is either unconnected or has no load
WARNING: [Synth 8-7129] Port vga_out\.rgb[9] in module vga_timing is either unconnected or has no load
WARNING: [Synth 8-7129] Port vga_out\.rgb[8] in module vga_timing is either unconnected or has no load
WARNING: [Synth 8-7129] Port vga_out\.rgb[7] in module vga_timing is either unconnected or has no load
WARNING: [Synth 8-7129] Port vga_out\.rgb[6] in module vga_timing is either unconnected or has no load
WARNING: [Synth 8-7129] Port vga_out\.rgb[5] in module vga_timing is either unconnected or has no load
WARNING: [Synth 8-7129] Port vga_out\.rgb[4] in module vga_timing is either unconnected or has no load
WARNING: [Synth 8-7129] Port vga_out\.rgb[3] in module vga_timing is either unconnected or has no load
WARNING: [Synth 8-7129] Port vga_out\.rgb[2] in module vga_timing is either unconnected or has no load
WARNING: [Synth 8-7129] Port vga_out\.rgb[1] in module vga_timing is either unconnected or has no load
WARNING: [Synth 8-7129] Port vga_out\.rgb[0] in module vga_timing is either unconnected or has no load
WARNING: [Synth 8-7129] Port xpos in module top_vga is either unconnected or has no load
WARNING: [Synth 8-7129] Port ypos in module top_vga is either unconnected or has no load
WARNING: [Synth 8-327] inferring latch for variable 'xpos_player1_reg' [rtl/draw_player_ctl.sv:53]
WARNING: [Synth 8-327] inferring latch for variable 'xpos_player2_reg' [rtl/draw_player_ctl.sv:55]
WARNING: [Synth 8-327] inferring latch for variable 'rgb_nxt_reg' [rtl/draw_player1.sv:61]
WARNING: [Synth 8-327] inferring latch for variable 'rgb_nxt_reg' [rtl/draw_player2.sv:63]
WARNING: [Synth 8-7080] Parallel synthesis criteria is not met
WARNING: [Synth 8-7129] Port vga_in\.rgb[11] in module draw_bg is either unconnected or has no load
WARNING: [Synth 8-7129] Port vga_in\.rgb[10] in module draw_bg is either unconnected or has no load
WARNING: [Synth 8-7129] Port vga_in\.rgb[9] in module draw_bg is either unconnected or has no load
WARNING: [Synth 8-7129] Port vga_in\.rgb[8] in module draw_bg is either unconnected or has no load
WARNING: [Synth 8-7129] Port vga_in\.rgb[7] in module draw_bg is either unconnected or has no load
WARNING: [Synth 8-7129] Port vga_in\.rgb[6] in module draw_bg is either unconnected or has no load
WARNING: [Synth 8-7129] Port vga_in\.rgb[5] in module draw_bg is either unconnected or has no load
WARNING: [Synth 8-7129] Port vga_in\.rgb[4] in module draw_bg is either unconnected or has no load
WARNING: [Synth 8-7129] Port vga_in\.rgb[3] in module draw_bg is either unconnected or has no load
WARNING: [Synth 8-7129] Port vga_in\.rgb[2] in module draw_bg is either unconnected or has no load
WARNING: [Synth 8-7129] Port vga_in\.rgb[1] in module draw_bg is either unconnected or has no load
WARNING: [Synth 8-7129] Port vga_in\.rgb[0] in module draw_bg is either unconnected or has no load
WARNING: [Synth 8-7129] Port vga_out\.rgb[11] in module vga_timing is either unconnected or has no load
WARNING: [Synth 8-7129] Port vga_out\.rgb[10] in module vga_timing is either unconnected or has no load
WARNING: [Synth 8-7129] Port vga_out\.rgb[9] in module vga_timing is either unconnected or has no load
WARNING: [Synth 8-7129] Port vga_out\.rgb[8] in module vga_timing is either unconnected or has no load
WARNING: [Synth 8-7129] Port vga_out\.rgb[7] in module vga_timing is either unconnected or has no load
WARNING: [Synth 8-7129] Port vga_out\.rgb[6] in module vga_timing is either unconnected or has no load
WARNING: [Synth 8-7129] Port vga_out\.rgb[5] in module vga_timing is either unconnected or has no load
WARNING: [Synth 8-7129] Port vga_out\.rgb[4] in module vga_timing is either unconnected or has no load
WARNING: [Synth 8-7129] Port vga_out\.rgb[3] in module vga_timing is either unconnected or has no load
WARNING: [Synth 8-7129] Port vga_out\.rgb[2] in module vga_timing is either unconnected or has no load
WARNING: [Synth 8-7129] Port vga_out\.rgb[1] in module vga_timing is either unconnected or has no load
WARNING: [Synth 8-7129] Port vga_out\.rgb[0] in module vga_timing is either unconnected or has no load
WARNING: [Synth 8-7129] Port xpos in module top_vga is either unconnected or has no load
WARNING: [Synth 8-7129] Port ypos in module top_vga is either unconnected or has no load
WARNING: [Synth 8-3323] Resources of type DSP have been overutilized. Used = 119, Available = 90. Use report_utilization command for details.
WARNING: [Synth 8-3332] Sequential element (u_top_vga/u_draw_player1/rgb_nxt_reg[11]) is unused and will be removed from module top_vga_basys3.
WARNING: [Synth 8-3332] Sequential element (u_top_vga/u_draw_player1/rgb_nxt_reg[10]) is unused and will be removed from module top_vga_basys3.
WARNING: [Synth 8-3332] Sequential element (u_top_vga/u_draw_player1/rgb_nxt_reg[9]) is unused and will be removed from module top_vga_basys3.
WARNING: [Synth 8-3332] Sequential element (u_top_vga/u_draw_player1/rgb_nxt_reg[8]) is unused and will be removed from module top_vga_basys3.
WARNING: [Synth 8-3332] Sequential element (u_top_vga/u_draw_player1/rgb_nxt_reg[7]) is unused and will be removed from module top_vga_basys3.
WARNING: [Synth 8-3332] Sequential element (u_top_vga/u_draw_player1/rgb_nxt_reg[6]) is unused and will be removed from module top_vga_basys3.
WARNING: [Synth 8-3332] Sequential element (u_top_vga/u_draw_player1/rgb_nxt_reg[5]) is unused and will be removed from module top_vga_basys3.
WARNING: [Synth 8-3332] Sequential element (u_top_vga/u_draw_player1/rgb_nxt_reg[4]) is unused and will be removed from module top_vga_basys3.
WARNING: [Synth 8-3332] Sequential element (u_top_vga/u_draw_player1/rgb_nxt_reg[3]) is unused and will be removed from module top_vga_basys3.
WARNING: [Synth 8-3332] Sequential element (u_top_vga/u_draw_player1/rgb_nxt_reg[2]) is unused and will be removed from module top_vga_basys3.
WARNING: [Synth 8-3332] Sequential element (u_top_vga/u_draw_player1/rgb_nxt_reg[1]) is unused and will be removed from module top_vga_basys3.
WARNING: [Synth 8-3332] Sequential element (u_top_vga/u_draw_player1/rgb_nxt_reg[0]) is unused and will be removed from module top_vga_basys3.
WARNING: [Synth 8-3332] Sequential element (u_top_vga/u_draw_player2/rgb_nxt_reg[11]) is unused and will be removed from module top_vga_basys3.
WARNING: [Synth 8-3332] Sequential element (u_top_vga/u_draw_player2/rgb_nxt_reg[10]) is unused and will be removed from module top_vga_basys3.
WARNING: [Synth 8-3332] Sequential element (u_top_vga/u_draw_player2/rgb_nxt_reg[9]) is unused and will be removed from module top_vga_basys3.
WARNING: [Synth 8-3332] Sequential element (u_top_vga/u_draw_player2/rgb_nxt_reg[8]) is unused and will be removed from module top_vga_basys3.
WARNING: [Synth 8-3332] Sequential element (u_top_vga/u_draw_player2/rgb_nxt_reg[7]) is unused and will be removed from module top_vga_basys3.
WARNING: [Synth 8-3332] Sequential element (u_top_vga/u_draw_player2/rgb_nxt_reg[6]) is unused and will be removed from module top_vga_basys3.
WARNING: [Synth 8-3332] Sequential element (u_top_vga/u_draw_player2/rgb_nxt_reg[5]) is unused and will be removed from module top_vga_basys3.
WARNING: [Synth 8-3332] Sequential element (u_top_vga/u_draw_player2/rgb_nxt_reg[4]) is unused and will be removed from module top_vga_basys3.
WARNING: [Synth 8-3332] Sequential element (u_top_vga/u_draw_player2/rgb_nxt_reg[3]) is unused and will be removed from module top_vga_basys3.
WARNING: [Synth 8-3332] Sequential element (u_top_vga/u_draw_player2/rgb_nxt_reg[2]) is unused and will be removed from module top_vga_basys3.
WARNING: [Synth 8-3332] Sequential element (u_top_vga/u_draw_player2/rgb_nxt_reg[1]) is unused and will be removed from module top_vga_basys3.
WARNING: [Synth 8-3332] Sequential element (u_top_vga/u_draw_player2/rgb_nxt_reg[0]) is unused and will be removed from module top_vga_basys3.
CRITICAL WARNING: [Synth 8-6859] multi-driven net on pin u_top_vga/xpos_player_ctl2[9] with 1st driver pin 'u_top_vga/u_draw_player_ctl/xpos_player2_reg[9]__0/Q' [rtl/draw_player_ctl.sv:37]
CRITICAL WARNING: [Synth 8-6859] multi-driven net on pin u_top_vga/xpos_player_ctl2[9] with 2nd driver pin 'u_top_vga/u_draw_player_ctl/xpos_player2_reg[9]/Q' [rtl/draw_player_ctl.sv:55]
CRITICAL WARNING: [Synth 8-6859] multi-driven net on pin u_top_vga/xpos_player_ctl2[11] with 1st driver pin 'u_top_vga/u_draw_player_ctl/xpos_player2_reg[11]__0/Q' [rtl/draw_player_ctl.sv:37]
CRITICAL WARNING: [Synth 8-6859] multi-driven net on pin u_top_vga/xpos_player_ctl2[11] with 2nd driver pin 'u_top_vga/u_draw_player_ctl/xpos_player2_reg[11]/Q' [rtl/draw_player_ctl.sv:55]
CRITICAL WARNING: [Synth 8-6859] multi-driven net on pin u_top_vga/xpos_player_ctl2[10] with 1st driver pin 'u_top_vga/u_draw_player_ctl/xpos_player2_reg[10]__0/Q' [rtl/draw_player_ctl.sv:37]
CRITICAL WARNING: [Synth 8-6859] multi-driven net on pin u_top_vga/xpos_player_ctl2[10] with 2nd driver pin 'u_top_vga/u_draw_player_ctl/xpos_player2_reg[10]/Q' [rtl/draw_player_ctl.sv:55]
CRITICAL WARNING: [Synth 8-6859] multi-driven net on pin u_top_vga/xpos_player_ctl2[8] with 1st driver pin 'u_top_vga/u_draw_player_ctl/xpos_player2_reg[8]__0/Q' [rtl/draw_player_ctl.sv:37]
CRITICAL WARNING: [Synth 8-6859] multi-driven net on pin u_top_vga/xpos_player_ctl2[8] with 2nd driver pin 'u_top_vga/u_draw_player_ctl/xpos_player2_reg[8]/Q' [rtl/draw_player_ctl.sv:55]
CRITICAL WARNING: [Synth 8-6859] multi-driven net on pin u_top_vga/xpos_player_ctl2[6] with 1st driver pin 'u_top_vga/u_draw_player_ctl/xpos_player2_reg[6]__0/Q' [rtl/draw_player_ctl.sv:37]
CRITICAL WARNING: [Synth 8-6859] multi-driven net on pin u_top_vga/xpos_player_ctl2[6] with 2nd driver pin 'u_top_vga/u_draw_player_ctl/xpos_player2_reg[6]/Q' [rtl/draw_player_ctl.sv:55]
CRITICAL WARNING: [Synth 8-6859] multi-driven net on pin u_top_vga/xpos_player_ctl2[5] with 1st driver pin 'u_top_vga/u_draw_player_ctl/xpos_player2_reg[5]__0/Q' [rtl/draw_player_ctl.sv:37]
CRITICAL WARNING: [Synth 8-6859] multi-driven net on pin u_top_vga/xpos_player_ctl2[5] with 2nd driver pin 'u_top_vga/u_draw_player_ctl/xpos_player2_reg[5]/Q' [rtl/draw_player_ctl.sv:55]
CRITICAL WARNING: [Synth 8-6859] multi-driven net on pin u_top_vga/xpos_player_ctl2[4] with 1st driver pin 'u_top_vga/u_draw_player_ctl/xpos_player2_reg[4]__0/Q' [rtl/draw_player_ctl.sv:37]
CRITICAL WARNING: [Synth 8-6859] multi-driven net on pin u_top_vga/xpos_player_ctl2[4] with 2nd driver pin 'u_top_vga/u_draw_player_ctl/xpos_player2_reg[4]/Q' [rtl/draw_player_ctl.sv:55]
CRITICAL WARNING: [Synth 8-6859] multi-driven net on pin u_top_vga/xpos_player_ctl2[7] with 1st driver pin 'u_top_vga/u_draw_player_ctl/xpos_player2_reg[7]__0/Q' [rtl/draw_player_ctl.sv:37]
CRITICAL WARNING: [Synth 8-6859] multi-driven net on pin u_top_vga/xpos_player_ctl2[7] with 2nd driver pin 'u_top_vga/u_draw_player_ctl/xpos_player2_reg[7]/Q' [rtl/draw_player_ctl.sv:55]
CRITICAL WARNING: [Synth 8-6859] multi-driven net on pin u_top_vga/xpos_player_ctl2[3] with 1st driver pin 'u_top_vga/u_draw_player_ctl/xpos_player2_reg[3]__0/Q' [rtl/draw_player_ctl.sv:37]
CRITICAL WARNING: [Synth 8-6859] multi-driven net on pin u_top_vga/xpos_player_ctl2[3] with 2nd driver pin 'u_top_vga/u_draw_player_ctl/xpos_player2_reg[3]/Q' [rtl/draw_player_ctl.sv:55]
CRITICAL WARNING: [Synth 8-6859] multi-driven net on pin u_top_vga/xpos_player_ctl2[2] with 1st driver pin 'u_top_vga/u_draw_player_ctl/xpos_player2_reg[2]__0/Q' [rtl/draw_player_ctl.sv:37]
CRITICAL WARNING: [Synth 8-6859] multi-driven net on pin u_top_vga/xpos_player_ctl2[2] with 2nd driver pin 'u_top_vga/u_draw_player_ctl/xpos_player2_reg[2]/Q' [rtl/draw_player_ctl.sv:55]
CRITICAL WARNING: [Synth 8-6859] multi-driven net on pin u_top_vga/xpos_player_ctl1[3] with 1st driver pin 'u_top_vga/u_draw_player_ctl/xpos_player1_reg[3]__0/Q' [rtl/draw_player_ctl.sv:36]
CRITICAL WARNING: [Synth 8-6859] multi-driven net on pin u_top_vga/xpos_player_ctl1[3] with 2nd driver pin 'u_top_vga/u_draw_player_ctl/xpos_player1_reg[3]/Q' [rtl/draw_player_ctl.sv:53]
CRITICAL WARNING: [Synth 8-6859] multi-driven net on pin u_top_vga/xpos_player_ctl1[1] with 1st driver pin 'u_top_vga/u_draw_player_ctl/xpos_player1_reg[1]__0/Q' [rtl/draw_player_ctl.sv:36]
CRITICAL WARNING: [Synth 8-6859] multi-driven net on pin u_top_vga/xpos_player_ctl1[1] with 2nd driver pin 'u_top_vga/u_draw_player_ctl/xpos_player1_reg[1]/Q' [rtl/draw_player_ctl.sv:53]
CRITICAL WARNING: [Synth 8-6859] multi-driven net on pin u_top_vga/xpos_player_ctl1[0] with 1st driver pin 'u_top_vga/u_draw_player_ctl/xpos_player1_reg[0]__0/Q' [rtl/draw_player_ctl.sv:36]
CRITICAL WARNING: [Synth 8-6859] multi-driven net on pin u_top_vga/xpos_player_ctl1[0] with 2nd driver pin 'u_top_vga/u_draw_player_ctl/xpos_player1_reg[0]/Q' [rtl/draw_player_ctl.sv:53]
CRITICAL WARNING: [Synth 8-6859] multi-driven net on pin u_top_vga/xpos_player_ctl1[2] with 1st driver pin 'u_top_vga/u_draw_player_ctl/xpos_player1_reg[2]__0/Q' [rtl/draw_player_ctl.sv:36]
CRITICAL WARNING: [Synth 8-6859] multi-driven net on pin u_top_vga/xpos_player_ctl1[2] with 2nd driver pin 'u_top_vga/u_draw_player_ctl/xpos_player1_reg[2]/Q' [rtl/draw_player_ctl.sv:53]
CRITICAL WARNING: [Synth 8-6859] multi-driven net on pin u_top_vga/xpos_player_ctl1[9] with 1st driver pin 'u_top_vga/u_draw_player_ctl/xpos_player1_reg[9]__0/Q' [rtl/draw_player_ctl.sv:36]
CRITICAL WARNING: [Synth 8-6859] multi-driven net on pin u_top_vga/xpos_player_ctl1[9] with 2nd driver pin 'u_top_vga/u_draw_player_ctl/xpos_player1_reg[9]/Q' [rtl/draw_player_ctl.sv:53]
CRITICAL WARNING: [Synth 8-6859] multi-driven net on pin u_top_vga/xpos_player_ctl1[6] with 1st driver pin 'u_top_vga/u_draw_player_ctl/xpos_player1_reg[6]__0/Q' [rtl/draw_player_ctl.sv:36]
CRITICAL WARNING: [Synth 8-6859] multi-driven net on pin u_top_vga/xpos_player_ctl1[6] with 2nd driver pin 'u_top_vga/u_draw_player_ctl/xpos_player1_reg[6]/Q' [rtl/draw_player_ctl.sv:53]
CRITICAL WARNING: [Synth 8-6859] multi-driven net on pin u_top_vga/xpos_player_ctl1[7] with 1st driver pin 'u_top_vga/u_draw_player_ctl/xpos_player1_reg[7]__0/Q' [rtl/draw_player_ctl.sv:36]
CRITICAL WARNING: [Synth 8-6859] multi-driven net on pin u_top_vga/xpos_player_ctl1[7] with 2nd driver pin 'u_top_vga/u_draw_player_ctl/xpos_player1_reg[7]/Q' [rtl/draw_player_ctl.sv:53]
CRITICAL WARNING: [Synth 8-6859] multi-driven net on pin u_top_vga/xpos_player_ctl1[11] with 1st driver pin 'u_top_vga/u_draw_player_ctl/xpos_player1_reg[11]__0/Q' [rtl/draw_player_ctl.sv:36]
CRITICAL WARNING: [Synth 8-6859] multi-driven net on pin u_top_vga/xpos_player_ctl1[11] with 2nd driver pin 'u_top_vga/u_draw_player_ctl/xpos_player1_reg[11]/Q' [rtl/draw_player_ctl.sv:53]
CRITICAL WARNING: [Synth 8-6859] multi-driven net on pin u_top_vga/xpos_player_ctl1[10] with 1st driver pin 'u_top_vga/u_draw_player_ctl/xpos_player1_reg[10]__0/Q' [rtl/draw_player_ctl.sv:36]
CRITICAL WARNING: [Synth 8-6859] multi-driven net on pin u_top_vga/xpos_player_ctl1[10] with 2nd driver pin 'u_top_vga/u_draw_player_ctl/xpos_player1_reg[10]/Q' [rtl/draw_player_ctl.sv:53]
CRITICAL WARNING: [Synth 8-6859] multi-driven net on pin u_top_vga/xpos_player_ctl1[8] with 1st driver pin 'u_top_vga/u_draw_player_ctl/xpos_player1_reg[8]__0/Q' [rtl/draw_player_ctl.sv:36]
CRITICAL WARNING: [Synth 8-6859] multi-driven net on pin u_top_vga/xpos_player_ctl1[8] with 2nd driver pin 'u_top_vga/u_draw_player_ctl/xpos_player1_reg[8]/Q' [rtl/draw_player_ctl.sv:53]
CRITICAL WARNING: [Synth 8-6859] multi-driven net on pin u_top_vga/xpos_player_ctl1[5] with 1st driver pin 'u_top_vga/u_draw_player_ctl/xpos_player1_reg[5]__0/Q' [rtl/draw_player_ctl.sv:36]
CRITICAL WARNING: [Synth 8-6859] multi-driven net on pin u_top_vga/xpos_player_ctl1[5] with 2nd driver pin 'u_top_vga/u_draw_player_ctl/xpos_player1_reg[5]/Q' [rtl/draw_player_ctl.sv:53]
CRITICAL WARNING: [Synth 8-6859] multi-driven net on pin u_top_vga/xpos_player_ctl1[4] with 1st driver pin 'u_top_vga/u_draw_player_ctl/xpos_player1_reg[4]__0/Q' [rtl/draw_player_ctl.sv:36]
CRITICAL WARNING: [Synth 8-6859] multi-driven net on pin u_top_vga/xpos_player_ctl1[4] with 2nd driver pin 'u_top_vga/u_draw_player_ctl/xpos_player1_reg[4]/Q' [rtl/draw_player_ctl.sv:53]
CRITICAL WARNING: [Synth 8-6859] multi-driven net on pin u_top_vga/xpos_player_ctl2[1] with 1st driver pin 'u_top_vga/u_draw_player_ctl/xpos_player2_reg[1]__0/Q' [rtl/draw_player_ctl.sv:37]
CRITICAL WARNING: [Synth 8-6859] multi-driven net on pin u_top_vga/xpos_player_ctl2[1] with 2nd driver pin 'u_top_vga/u_draw_player_ctl/xpos_player2_reg[1]/Q' [rtl/draw_player_ctl.sv:55]
CRITICAL WARNING: [Synth 8-6859] multi-driven net on pin u_top_vga/xpos_player_ctl2[0] with 1st driver pin 'u_top_vga/u_draw_player_ctl/xpos_player2_reg[0]__0/Q' [rtl/draw_player_ctl.sv:37]
CRITICAL WARNING: [Synth 8-6859] multi-driven net on pin u_top_vga/xpos_player_ctl2[0] with 2nd driver pin 'u_top_vga/u_draw_player_ctl/xpos_player2_reg[0]/Q' [rtl/draw_player_ctl.sv:55]
INFO: [runtcl-6] Synthesis results are not added to the cache due to CRITICAL_WARNING

----IMPLEMENTATION----
ERROR: [DRC MDRV-1] Multiple Driver Nets: Net u_top_vga/u_draw_player_ctl/UNCONN_OUT[0] has multiple drivers: u_top_vga/u_draw_player_ctl/xpos_player2_reg[0]/Q, and u_top_vga/u_draw_player_ctl/xpos_player2_reg[0]__0/Q.
ERROR: [DRC MDRV-1] Multiple Driver Nets: Net u_top_vga/u_draw_player_ctl/UNCONN_OUT[10] has multiple drivers: u_top_vga/u_draw_player_ctl/xpos_player2_reg[10]/Q, and u_top_vga/u_draw_player_ctl/xpos_player2_reg[10]__0/Q.
ERROR: [DRC MDRV-1] Multiple Driver Nets: Net u_top_vga/u_draw_player_ctl/UNCONN_OUT[11] has multiple drivers: u_top_vga/u_draw_player_ctl/xpos_player2_reg[11]/Q, and u_top_vga/u_draw_player_ctl/xpos_player2_reg[11]__0/Q.
ERROR: [DRC MDRV-1] Multiple Driver Nets: Net u_top_vga/u_draw_player_ctl/UNCONN_OUT[1] has multiple drivers: u_top_vga/u_draw_player_ctl/xpos_player2_reg[1]/Q, and u_top_vga/u_draw_player_ctl/xpos_player2_reg[1]__0/Q.
ERROR: [DRC MDRV-1] Multiple Driver Nets: Net u_top_vga/u_draw_player_ctl/UNCONN_OUT[2] has multiple drivers: u_top_vga/u_draw_player_ctl/xpos_player2_reg[2]/Q, and u_top_vga/u_draw_player_ctl/xpos_player2_reg[2]__0/Q.
ERROR: [DRC MDRV-1] Multiple Driver Nets: Net u_top_vga/u_draw_player_ctl/UNCONN_OUT[3] has multiple drivers: u_top_vga/u_draw_player_ctl/xpos_player2_reg[3]/Q, and u_top_vga/u_draw_player_ctl/xpos_player2_reg[3]__0/Q.
ERROR: [DRC MDRV-1] Multiple Driver Nets: Net u_top_vga/u_draw_player_ctl/UNCONN_OUT[4] has multiple drivers: u_top_vga/u_draw_player_ctl/xpos_player2_reg[4]/Q, and u_top_vga/u_draw_player_ctl/xpos_player2_reg[4]__0/Q.
ERROR: [DRC MDRV-1] Multiple Driver Nets: Net u_top_vga/u_draw_player_ctl/UNCONN_OUT[5] has multiple drivers: u_top_vga/u_draw_player_ctl/xpos_player2_reg[5]/Q, and u_top_vga/u_draw_player_ctl/xpos_player2_reg[5]__0/Q.
ERROR: [DRC MDRV-1] Multiple Driver Nets: Net u_top_vga/u_draw_player_ctl/UNCONN_OUT[6] has multiple drivers: u_top_vga/u_draw_player_ctl/xpos_player2_reg[6]/Q, and u_top_vga/u_draw_player_ctl/xpos_player2_reg[6]__0/Q.
ERROR: [DRC MDRV-1] Multiple Driver Nets: Net u_top_vga/u_draw_player_ctl/UNCONN_OUT[7] has multiple drivers: u_top_vga/u_draw_player_ctl/xpos_player2_reg[7]/Q, and u_top_vga/u_draw_player_ctl/xpos_player2_reg[7]__0/Q.
ERROR: [DRC MDRV-1] Multiple Driver Nets: Net u_top_vga/u_draw_player_ctl/UNCONN_OUT[8] has multiple drivers: u_top_vga/u_draw_player_ctl/xpos_player2_reg[8]/Q, and u_top_vga/u_draw_player_ctl/xpos_player2_reg[8]__0/Q.
ERROR: [DRC MDRV-1] Multiple Driver Nets: Net u_top_vga/u_draw_player_ctl/UNCONN_OUT[9] has multiple drivers: u_top_vga/u_draw_player_ctl/xpos_player2_reg[9]/Q, and u_top_vga/u_draw_player_ctl/xpos_player2_reg[9]__0/Q.
ERROR: [DRC MDRV-1] Multiple Driver Nets: Net u_top_vga/u_draw_player_ctl/UNCONN_OUT_0[0] has multiple drivers: u_top_vga/u_draw_player_ctl/xpos_player1_reg[0]/Q, and u_top_vga/u_draw_player_ctl/xpos_player1_reg[0]__0/Q.
ERROR: [DRC MDRV-1] Multiple Driver Nets: Net u_top_vga/u_draw_player_ctl/UNCONN_OUT_0[10] has multiple drivers: u_top_vga/u_draw_player_ctl/xpos_player1_reg[10]/Q, and u_top_vga/u_draw_player_ctl/xpos_player1_reg[10]__0/Q.
ERROR: [DRC MDRV-1] Multiple Driver Nets: Net u_top_vga/u_draw_player_ctl/UNCONN_OUT_0[11] has multiple drivers: u_top_vga/u_draw_player_ctl/xpos_player1_reg[11]/Q, and u_top_vga/u_draw_player_ctl/xpos_player1_reg[11]__0/Q.
ERROR: [DRC MDRV-1] Multiple Driver Nets: Net u_top_vga/u_draw_player_ctl/UNCONN_OUT_0[1] has multiple drivers: u_top_vga/u_draw_player_ctl/xpos_player1_reg[1]/Q, and u_top_vga/u_draw_player_ctl/xpos_player1_reg[1]__0/Q.
ERROR: [DRC MDRV-1] Multiple Driver Nets: Net u_top_vga/u_draw_player_ctl/UNCONN_OUT_0[2] has multiple drivers: u_top_vga/u_draw_player_ctl/xpos_player1_reg[2]/Q, and u_top_vga/u_draw_player_ctl/xpos_player1_reg[2]__0/Q.
ERROR: [DRC MDRV-1] Multiple Driver Nets: Net u_top_vga/u_draw_player_ctl/UNCONN_OUT_0[3] has multiple drivers: u_top_vga/u_draw_player_ctl/xpos_player1_reg[3]/Q, and u_top_vga/u_draw_player_ctl/xpos_player1_reg[3]__0/Q.
ERROR: [DRC MDRV-1] Multiple Driver Nets: Net u_top_vga/u_draw_player_ctl/UNCONN_OUT_0[4] has multiple drivers: u_top_vga/u_draw_player_ctl/xpos_player1_reg[4]/Q, and u_top_vga/u_draw_player_ctl/xpos_player1_reg[4]__0/Q.
ERROR: [DRC MDRV-1] Multiple Driver Nets: Net u_top_vga/u_draw_player_ctl/UNCONN_OUT_0[5] has multiple drivers: u_top_vga/u_draw_player_ctl/xpos_player1_reg[5]/Q, and u_top_vga/u_draw_player_ctl/xpos_player1_reg[5]__0/Q.
ERROR: [DRC MDRV-1] Multiple Driver Nets: Net u_top_vga/u_draw_player_ctl/UNCONN_OUT_0[6] has multiple drivers: u_top_vga/u_draw_player_ctl/xpos_player1_reg[6]/Q, and u_top_vga/u_draw_player_ctl/xpos_player1_reg[6]__0/Q.
ERROR: [DRC MDRV-1] Multiple Driver Nets: Net u_top_vga/u_draw_player_ctl/UNCONN_OUT_0[7] has multiple drivers: u_top_vga/u_draw_player_ctl/xpos_player1_reg[7]/Q, and u_top_vga/u_draw_player_ctl/xpos_player1_reg[7]__0/Q.
ERROR: [DRC MDRV-1] Multiple Driver Nets: Net u_top_vga/u_draw_player_ctl/UNCONN_OUT_0[8] has multiple drivers: u_top_vga/u_draw_player_ctl/xpos_player1_reg[8]/Q, and u_top_vga/u_draw_player_ctl/xpos_player1_reg[8]__0/Q.
ERROR: [DRC MDRV-1] Multiple Driver Nets: Net u_top_vga/u_draw_player_ctl/UNCONN_OUT_0[9] has multiple drivers: u_top_vga/u_draw_player_ctl/xpos_player1_reg[9]/Q, and u_top_vga/u_draw_player_ctl/xpos_player1_reg[9]__0/Q.
ERROR: [Vivado_Tcl 4-78] Error(s) found during DRC. Opt_design not run.
ERROR: [Common 17-39] 'opt_design' failed due to earlier errors.
