Copyright 1986-2021 Xilinx, Inc. All Rights Reserved.
-------------------------------------------------------------------------------------------
| Tool Version : Vivado v.2021.2 (lin64) Build 3367213 Tue Oct 19 02:47:39 MDT 2021
| Date         : Wed May 22 17:16:30 2024
| Host         : cadence33 running 64-bit CentOS Linux release 7.9.2009 (Core)
| Command      : report_control_sets -verbose -file top_vga_basys3_control_sets_placed.rpt
| Design       : top_vga_basys3
| Device       : xc7a35t
-------------------------------------------------------------------------------------------

Control Set Information

Table of Contents
-----------------
1. Summary
2. Histogram
3. Flip-Flop Distribution
4. Detailed Control Set Information

1. Summary
----------

+----------------------------------------------------------+-------+
|                          Status                          | Count |
+----------------------------------------------------------+-------+
| Total control sets                                       |    24 |
|    Minimum number of control sets                        |    24 |
|    Addition due to synthesis replication                 |     0 |
|    Addition due to physical synthesis replication        |     0 |
| Unused register locations in slices containing registers |    72 |
+----------------------------------------------------------+-------+
* Control sets can be merged at opt_design using control_set_merge or merge_equivalent_drivers
** Run report_qor_suggestions for automated merging and remapping suggestions


2. Histogram
------------

+--------------------+-------+
|       Fanout       | Count |
+--------------------+-------+
| Total control sets |    24 |
| >= 0 to < 4        |     1 |
| >= 4 to < 6        |     3 |
| >= 6 to < 8        |     2 |
| >= 8 to < 10       |     6 |
| >= 10 to < 12      |     5 |
| >= 12 to < 14      |     1 |
| >= 14 to < 16      |     1 |
| >= 16              |     5 |
+--------------------+-------+
* Control sets can be remapped at either synth_design or opt_design


3. Flip-Flop Distribution
-------------------------

+--------------+-----------------------+------------------------+-----------------+--------------+
| Clock Enable | Synchronous Set/Reset | Asynchronous Set/Reset | Total Registers | Total Slices |
+--------------+-----------------------+------------------------+-----------------+--------------+
| No           | No                    | No                     |              63 |           20 |
| No           | No                    | Yes                    |              59 |           17 |
| No           | Yes                   | No                     |             123 |           38 |
| Yes          | No                    | No                     |              56 |           17 |
| Yes          | No                    | Yes                    |              20 |            7 |
| Yes          | Yes                   | No                     |              47 |           15 |
+--------------+-----------------------+------------------------+-----------------+--------------+


4. Detailed Control Set Information
-----------------------------------

+----------------------------------------+----------------------------------------------------------------------+----------------------------------------------------------------------+------------------+----------------+--------------+
|              Clock Signal              |                             Enable Signal                            |                           Set/Reset Signal                           | Slice Load Count | Bel Load Count | Bels / Slice |
+----------------------------------------+----------------------------------------------------------------------+----------------------------------------------------------------------+------------------+----------------+--------------+
|  u_top_vga/u_draw_rect/rgb_nxt__0      |                                                                      |                                                                      |                1 |              1 |         1.00 |
|  u_clk/inst/clk100MHz                  | u_top_vga/u_mouse_ctl/Inst_Ps2Interface/shift_frame                  | u_top_vga/u_mouse_ctl/Inst_Ps2Interface/reset_bit_count              |                1 |              4 |         4.00 |
|  u_clk/inst/clk100MHz                  | u_top_vga/u_mouse_ctl/Inst_Ps2Interface/FSM_onehot_state_reg[0]_3    | btnC_IBUF                                                            |                2 |              4 |         2.00 |
|  u_clk/inst/clk40MHz                   |                                                                      |                                                                      |                2 |              5 |         2.50 |
|  u_clk/inst/clk100MHz                  | u_top_vga/u_mouse_ctl/Inst_Ps2Interface/btnC                         |                                                                      |                3 |              7 |         2.33 |
|  u_clk/inst/clk100MHz                  | u_top_vga/u_mouse_ctl/Inst_Ps2Interface/delay_63clk_count[6]_i_2_n_0 | u_top_vga/u_mouse_ctl/Inst_Ps2Interface/delay_63clk_count[6]_i_1_n_0 |                2 |              7 |         3.50 |
|  u_clk/inst/clk100MHz                  | u_top_vga/u_mouse_ctl/tx_data[7]_i_1_n_0                             |                                                                      |                2 |              8 |         4.00 |
|  u_clk/inst/clk40MHz_clk_wiz_0_en_clk  |                                                                      |                                                                      |                1 |              8 |         8.00 |
|  u_clk/inst/clk100MHz                  | u_top_vga/u_mouse_ctl/Inst_Ps2Interface/FSM_onehot_state_reg[0]_2[0] | btnC_IBUF                                                            |                3 |              8 |         2.67 |
|  u_clk/inst/clk100MHz                  | u_top_vga/u_mouse_ctl/Inst_Ps2Interface/E[0]                         | btnC_IBUF                                                            |                2 |              8 |         4.00 |
|  u_clk/inst/clk100MHz_clk_wiz_0_en_clk |                                                                      |                                                                      |                1 |              8 |         8.00 |
|  u_clk/inst/clk100MHz                  | u_top_vga/u_mouse_ctl/Inst_Ps2Interface/load_rx_data                 |                                                                      |                2 |              8 |         4.00 |
|  u_clk/inst/clk100MHz                  | u_top_vga/u_mouse_ctl/Inst_Ps2Interface/frame[9]_i_1_n_0             |                                                                      |                2 |             10 |         5.00 |
|  u_clk/inst/clk100MHz                  | u_top_vga/u_mouse_ctl/Inst_Ps2Interface/delay_20us_count[10]_i_2_n_0 | u_top_vga/u_mouse_ctl/Inst_Ps2Interface/delay_20us_count[10]_i_1_n_0 |                4 |             11 |         2.75 |
|  u_clk/inst/clk100MHz                  | u_top_vga/u_mouse_ctl/y_new_reg_n_0                                  |                                                                      |                3 |             11 |         3.67 |
|  u_clk/inst/clk40MHz                   |                                                                      | u_top_vga/u_vga_timing/out\\.hcount[10]_i_1_n_0                      |                5 |             11 |         2.20 |
|  u_clk/inst/clk40MHz                   | u_top_vga/u_vga_timing/out\\.vcount[10]_i_2_n_0                      | u_top_vga/u_vga_timing/out\\.vcount[10]_i_1_n_0                      |                4 |             11 |         2.75 |
|  u_clk/inst/clk100MHz                  | u_top_vga/u_mouse_ctl/x_new_reg_n_0                                  |                                                                      |                5 |             12 |         2.40 |
|  u_clk/inst/clk100MHz                  | u_top_vga/u_mouse_ctl/Inst_Ps2Interface/delay_100us_count[0]_i_2_n_0 | u_top_vga/u_mouse_ctl/Inst_Ps2Interface/clear                        |                4 |             14 |         3.50 |
|  u_clk/inst/clk100MHz                  |                                                                      | u_top_vga/u_mouse_ctl/reset_timeout_cnt_reg_n_0                      |                7 |             24 |         3.43 |
|  u_clk/inst/clk100MHz                  |                                                                      | u_top_vga/u_mouse_ctl/reset_periodic_check_cnt__0                    |                7 |             26 |         3.71 |
|  u_clk/inst/clk100MHz                  |                                                                      |                                                                      |               15 |             43 |         2.87 |
|  u_clk/inst/clk100MHz                  |                                                                      | btnC_IBUF                                                            |               17 |             59 |         3.47 |
|  u_clk/inst/clk40MHz                   |                                                                      | btnC_IBUF                                                            |               19 |             62 |         3.26 |
+----------------------------------------+----------------------------------------------------------------------+----------------------------------------------------------------------+------------------+----------------+--------------+


